Flutter crash report.
Please report a bug at https://github.com/flutter/flutter/issues.

## command

flutter run

## exception

FileSystemException: FileSystemException: Deletion failed, path = 'C:\Users\Ridwan\AppData\Local\Temp\flutter_tools.35ed7d18\flutter_tool.5c832319' (OS Error: The process cannot access the file because it is being used by another process.
, errno = 32)

```
#0      _Directory._deleteSync (dart:io/directory_impl.dart:201:7)
#1      FileSystemEntity.deleteSync (dart:io/file_system_entity.dart:408:7)
#2      ForwardingFileSystemEntity.deleteSync (package:file/src/forwarding/forwarding_file_system_entity.dart:70:16)
#3      ResidentRunner.preExit (package:flutter_tools/src/resident_runner.dart:1349:25)
#4      HotRunner.preExit (package:flutter_tools/src/run_hot.dart:1075:17)
<asynchronous suspension>
#5      ResidentRunner.exit (package:flutter_tools/src/resident_runner.dart:1200:5)
<asynchronous suspension>
#6      TerminalHandler._commonTerminalInputHandler (package:flutter_tools/src/resident_runner.dart:1600:9)
<asynchronous suspension>
#7      TerminalHandler.processTerminalInput (package:flutter_tools/src/resident_runner.dart:1659:7)
<asynchronous suspension>
```

## flutter doctor

```
[✓] Flutter (Channel stable, 2.5.1, on Microsoft Windows [Version 10.0.19042.1415], locale en-ID)
    • Flutter version 2.5.1 at C:\flutter
    • Upstream repository https://github.com/flutter/flutter.git
    • Framework revision ffb2ecea52 (3 months ago), 2021-09-17 15:26:33 -0400
    • Engine revision b3af521a05
    • Dart version 2.14.2

[✓] Android toolchain - develop for Android devices (Android SDK version 31.0.0)
    • Android SDK at C:\Users\Ridwan\AppData\Local\Android\sdk
    • Platform android-31, build-tools 31.0.0
    • Java binary at: C:\Program Files\Android\Android Studio\jre\bin\java
    • Java version OpenJDK Runtime Environment (build 11.0.10+0-b96-7249189)
    • All Android licenses accepted.

[✓] Chrome - develop for the web
    • Chrome at C:\Program Files\Google\Chrome\Application\chrome.exe

[✓] Android Studio (version 2020.3)
    • Android Studio at C:\Program Files\Android\Android Studio
    • Flutter plugin can be installed from:
      🔨 https://plugins.jetbrains.com/plugin/9212-flutter
    • Dart plugin can be installed from:
      🔨 https://plugins.jetbrains.com/plugin/6351-dart
    • Java version OpenJDK Runtime Environment (build 11.0.10+0-b96-7249189)

[✓] VS Code (version 1.62.3)
    • VS Code at C:\Users\Ridwan\AppData\Local\Programs\Microsoft VS Code
    • Flutter extension version 3.29.0

[✓] Connected device (3 available)
    • Android SDK built for x86 (mobile) • emulator-5554 • android-x86    • Android 7.0 (API 24) (emulator)
    • Chrome (web)                       • chrome        • web-javascript • Google Chrome 96.0.4664.110
    • Edge (web)                         • edge          • web-javascript • Microsoft Edge 96.0.1054.53

• No issues found!
```
